Loading compiler version 2021.3.0
Loading tbb version 2021.5.0
Loading compiler-rt version 2022.0.1
Loading debugger version 2021.5.0
Loading dpl version 2021.1.1
Loading oclfpga version 2021.1.1

Loading compiler/2021.3.0
  Loading requirement: tbb/latest compiler-rt/latest debugger dpl oclfpga

Loading mkl version 2022.0.1
Loading mpi version 2021.5.0
ERROR: Unable to locate a modulefile for 'cmake/3.15.1-intel-19.1.3.304-ou4jq34'
ERROR: Unable to locate a modulefile for 'python/3.10.4-gcc-10.2.0-7wrmebn'
ERROR: Unable to locate a modulefile for 'py-pyyaml/3.13-gcc-9.1.0-f4qcohf'
ERROR: Unable to locate a modulefile for 'py-scipy/1.7.1-gcc-11.2.0-ziu2thb'
Removing mpi version 2021.5.0
Use `module list` to view any remaining dependent modules.
Removing mkl version 2022.0.1
Use `module list` to view any remaining dependent modules.
Removing compiler version 2021.3.0
Use `module list` to view any remaining dependent modules.
Removing oclfpga version 2021.1.1
Removing dpl version 2021.1.1
Removing debugger version 2021.5.0
Use `module list` to view any remaining dependent modules.
Removing compiler-rt version 2022.0.1
Use `module list` to view any remaining dependent modules.
Removing tbb version 2021.5.0
Use `module list` to view any remaining dependent modules.
Loading mpi version 2021.5.0
################ lat_2k ################
#############################################
#############################################
#############################################
################### run 1 ###################
#############################################
#############################################
#############################################
